0 info it worked if it ends with ok
1 verbose cli [ '/usr/bin/nodejs', '/usr/bin/npm', 'publish' ]
2 info using npm@3.10.10
3 info using node@v6.11.0
4 verbose publish [ '.' ]
5 silly cache add args [ '.', null ]
6 verbose cache add spec .
7 silly cache add parsed spec Result {
7 silly cache add   raw: '.',
7 silly cache add   scope: null,
7 silly cache add   escapedName: null,
7 silly cache add   name: null,
7 silly cache add   rawSpec: '.',
7 silly cache add   spec: '/home/gerhard/Projects/connman-node-api',
7 silly cache add   type: 'directory' }
8 verbose addLocalDirectory /home/gerhard/.npm/connman-api/0.4.0/package.tgz not in flight; packing
9 verbose correctMkdir /home/gerhard/.npm correctMkdir not in flight; initializing
10 info lifecycle connman-api@0.4.0~prepublish: connman-api@0.4.0
11 silly lifecycle connman-api@0.4.0~prepublish: no script for prepublish, continuing
12 verbose tar pack [ '/home/gerhard/.npm/connman-api/0.4.0/package.tgz',
12 verbose tar pack   '/home/gerhard/Projects/connman-node-api' ]
13 verbose tarball /home/gerhard/.npm/connman-api/0.4.0/package.tgz
14 verbose folder /home/gerhard/Projects/connman-node-api
15 verbose addLocalTarball adding from inside cache /home/gerhard/.npm/connman-api/0.4.0/package.tgz
16 verbose correctMkdir /home/gerhard/.npm correctMkdir not in flight; initializing
17 silly cache afterAdd connman-api@0.4.0
18 verbose afterAdd /home/gerhard/.npm/connman-api/0.4.0/package/package.json not in flight; writing
19 verbose correctMkdir /home/gerhard/.npm correctMkdir not in flight; initializing
20 verbose afterAdd /home/gerhard/.npm/connman-api/0.4.0/package/package.json written
21 silly publish { name: 'connman-api',
21 silly publish   version: '0.4.0',
21 silly publish   description: 'Connman (Opensource connection manager) client',
21 silly publish   keywords:
21 silly publish    [ 'internet',
21 silly publish      'connman',
21 silly publish      'client',
21 silly publish      'dbus',
21 silly publish      'connection manager',
21 silly publish      'network',
21 silly publish      'api' ],
21 silly publish   homepage: 'https://github.com/Gerharddc/connman-node-api',
21 silly publish   author: { name: 'Gerhard de Clercq', email: 'gerharddclrcq@gmail.com' },
21 silly publish   contributors:
21 silly publish    [ { name: 'Fred Chien', email: 'fred@mandice.com', url: '錢逢祥' },
21 silly publish      { name: 'Peter Uithoven', email: 'peter@peteruithoven.nl' } ],
21 silly publish   license: 'MIT',
21 silly publish   repository:
21 silly publish    { type: 'git',
21 silly publish      url: 'git+ssh://git@github.com/Gerharddc/connman-node-api.git' },
21 silly publish   directories: { tests: 'lib' },
21 silly publish   engines: { node: '>= 0.8.0' },
21 silly publish   dependencies: { async: '~0.2.9', dbus: '^1.0.0', debug: '^2.1.1' },
21 silly publish   main: './lib/connman',
21 silly publish   readme: 'Connman-api\n===============\nNode.js Connman (Opensource connection manager) client. <br/>\nForked from [jsdx-connman](https://github.com/cfsghost/jsdx-connman). <br/>\nConnman: http://www.connman.net/\n\nUnmaintained\n------------\nThe project we used this in stopped, so we\'re looking for new maintainers.\n\nInstall\n---\n```$npm install```\n\nNote on systems without X11\n---\nIf no X server is running, the module fails when attempting to obtain \na D-Bus connection at dbus._dbus.getBus(). This can be remedied by \nsetting two environment variables manually (the actual bus address might be different):\n\n``` javascript\nprocess.env.DISPLAY = \':0\';\nprocess.env.DBUS_SESSION_BUS_ADDRESS = \'unix:path=/run/dbus/system_bus_socket\';\n```\n\nCredits \n---\nOriginal module developed by Fred Chien <<fred@mandice.com>> @ [Mandice Company](http://www.mandice.com/).<br/>\nImproved by [Peter Uithoven](http://github.com/peteruithoven/) @ [Doodle3D](http://doodle3d.com/)\n\nLicense\n---\nLicensed under the MIT License\n',
21 silly publish   readmeFilename: 'README.md',
21 silly publish   gitHead: '33d8583ee898b9bf62007f4d542d9f71ca7ea74d',
21 silly publish   bugs: { url: 'https://github.com/Gerharddc/connman-node-api/issues' },
21 silly publish   _id: 'connman-api@0.4.0',
21 silly publish   scripts: {},
21 silly publish   _shasum: '56deada9d58e515940e1f135a6498acdcc413393',
21 silly publish   _from: '.' }
22 verbose getPublishConfig undefined
23 silly mapToRegistry name connman-api
24 silly mapToRegistry using default registry
25 silly mapToRegistry registry https://registry.npmjs.org/
26 silly mapToRegistry data Result {
26 silly mapToRegistry   raw: 'connman-api',
26 silly mapToRegistry   scope: null,
26 silly mapToRegistry   escapedName: 'connman-api',
26 silly mapToRegistry   name: 'connman-api',
26 silly mapToRegistry   rawSpec: '',
26 silly mapToRegistry   spec: 'latest',
26 silly mapToRegistry   type: 'tag' }
27 silly mapToRegistry uri https://registry.npmjs.org/connman-api
28 verbose publish registryBase https://registry.npmjs.org/
29 silly publish uploading /home/gerhard/.npm/connman-api/0.4.0/package.tgz
30 verbose request uri https://registry.npmjs.org/connman-api
31 verbose request sending authorization for write operation
32 info attempt registry request try #1 at 7:26:49 AM
33 verbose request using bearer token for auth
34 verbose request id efb43787cfe9c8c0
35 http request PUT https://registry.npmjs.org/connman-api
36 http 403 https://registry.npmjs.org/connman-api
37 verbose headers { 'content-type': 'application/json',
37 verbose headers   'cache-control': 'max-age=300',
37 verbose headers   'content-length': '105',
37 verbose headers   'accept-ranges': 'bytes',
37 verbose headers   date: 'Wed, 12 Jul 2017 05:26:52 GMT',
37 verbose headers   via: '1.1 varnish',
37 verbose headers   connection: 'keep-alive',
37 verbose headers   'x-served-by': 'cache-jnb7520-JNB',
37 verbose headers   'x-cache': 'MISS',
37 verbose headers   'x-cache-hits': '0',
37 verbose headers   'x-timer': 'S1499837211.643394,VS0,VE1578',
37 verbose headers   vary: 'Accept-Encoding, Accept' }
38 verbose request invalidating /home/gerhard/.npm/registry.npmjs.org/connman-api on PUT
39 error publish Failed PUT 403
40 verbose stack Error: you do not have permission to publish "connman-api". Are you logged in as the correct user? : connman-api
40 verbose stack     at makeError (/usr/lib/node_modules/npm/node_modules/npm-registry-client/lib/request.js:302:12)
40 verbose stack     at CachingRegistryClient.<anonymous> (/usr/lib/node_modules/npm/node_modules/npm-registry-client/lib/request.js:290:14)
40 verbose stack     at Request._callback (/usr/lib/node_modules/npm/node_modules/npm-registry-client/lib/request.js:210:14)
40 verbose stack     at Request.self.callback (/usr/lib/node_modules/npm/node_modules/request/request.js:187:22)
40 verbose stack     at emitTwo (events.js:106:13)
40 verbose stack     at Request.emit (events.js:191:7)
40 verbose stack     at Request.<anonymous> (/usr/lib/node_modules/npm/node_modules/request/request.js:1048:10)
40 verbose stack     at emitOne (events.js:96:13)
40 verbose stack     at Request.emit (events.js:188:7)
40 verbose stack     at IncomingMessage.<anonymous> (/usr/lib/node_modules/npm/node_modules/request/request.js:969:12)
41 verbose statusCode 403
42 verbose pkgid connman-api
43 verbose cwd /home/gerhard/Projects/connman-node-api
44 error Linux 4.8.0-56-generic
45 error argv "/usr/bin/nodejs" "/usr/bin/npm" "publish"
46 error node v6.11.0
47 error npm  v3.10.10
48 error code E403
49 error you do not have permission to publish "connman-api". Are you logged in as the correct user? : connman-api
50 error If you need help, you may report this error at:
50 error     <https://github.com/npm/npm/issues>
51 verbose exit [ 1, true ]
